2025-10-28T22:29:48+01:00 {"task_id":"13","nummer":"1","event":"sim"}
2025-10-28T22:29:49+01:00 {"task_id":"13","nummer":"1","event":"download"}
2025-10-28T22:41:08+01:00 {"task_id":"14","event":"download"}
2025-10-29T06:25:06+01:00 {"task_id":"13","nummer":"1","event":"sim"}
2025-10-29T06:25:09+01:00 {"task_id":"13","nummer":"1","event":"download"}
2025-10-29T06:32:24+01:00 {"task_id":"13","nummer":"1","event":"sim"}
2025-10-29T06:32:25+01:00 {"task_id":"13","nummer":"1","event":"download"}
2025-10-29T06:37:47+01:00 {"task_id":"14","event":"sim"}
2025-10-29T06:37:48+01:00 {"task_id":"14","event":"download"}
2025-10-29T06:43:47+01:00 {"task_id":"14","event":"sim"}
2025-10-29T06:43:49+01:00 {"task_id":"14","event":"download"}
2025-10-29T06:51:54+01:00 {"task_id":"13","nummer":"1","event":"sim"}
2025-10-29T06:51:57+01:00 {"task_id":"13","nummer":"1","event":"download"}
2025-10-29T06:52:07+01:00 {"task_id":"14","event":"sim"}
2025-10-29T06:52:09+01:00 {"task_id":"14","event":"download"}
2025-10-29T06:53:01+01:00 {"task_id":"15","event":"sim"}
2025-10-29T06:53:05+01:00 {"task_id":"15","event":"download"}
2025-10-29T06:56:26+01:00 {"task_id":"13","nummer":"1","event":"sim"}
2025-10-29T07:57:54+01:00 {"task_id":"14","event":"sim"}
2025-10-29T07:57:55+01:00 {"task_id":"14","event":"download"}
2025-10-29T07:58:00+01:00 {"task_id":"14","event":"download"}
2025-10-29T07:58:29+01:00 {"task_id":"15","event":"download"}
2025-10-29T07:58:38+01:00 {"task_id":"15","event":"sim"}
2025-10-29T07:58:50+01:00 {"task_id":"15","event":"sim"}
2025-10-29T07:58:52+01:00 {"task_id":"15","event":"download"}
2025-10-29T08:16:26+01:00 {"task_id":"6","event":"sim"}
2025-10-29T08:16:42+01:00 {"task_id":"6","event":"download"}
2025-10-29T10:26:13+01:00 {"task_id":"6","event":"sim"}
2025-10-29T10:26:15+01:00 {"task_id":"6","event":"download"}
2025-10-29T10:36:29+01:00 {"task_id":"7","event":"download"}
2025-10-29T10:36:31+01:00 {"task_id":"7","event":"download"}
2025-10-29T10:36:34+01:00 {"task_id":"7","event":"sim"}
2025-10-29T11:30:59+01:00 {"task_id":"7","event":"download"}
2025-10-29T11:31:39+01:00 {"task_id":"8","event":"download"}
2025-10-29T16:26:46+01:00 {"task_id":"7","event":"download"}
2025-10-29T16:27:09+01:00 {"task_id":"8","event":"download"}
2025-10-29T16:27:29+01:00 {"task_id":"9","event":"sim"}
2025-10-29T16:27:31+01:00 {"task_id":"9","event":"download"}
2025-10-29T16:28:31+01:00 {"task_id":"10","event":"sim"}
2025-10-29T16:28:33+01:00 {"task_id":"10","event":"download"}
2025-10-29T16:29:25+01:00 {"task_id":"10","event":"sim"}
2025-10-29T16:29:27+01:00 {"task_id":"10","event":"download"}
2025-10-29T16:30:23+01:00 {"task_id":"11","event":"sim"}
2025-10-29T16:30:26+01:00 {"task_id":"11","event":"download"}
2025-10-29T16:31:50+01:00 {"task_id":"12","event":"sim"}
2025-10-29T16:31:52+01:00 {"task_id":"12","event":"download"}
2025-10-29T16:32:27+01:00 {"task_id":"15","event":"sim"}
2025-10-29T16:32:29+01:00 {"task_id":"15","event":"download"}
2025-10-31T08:27:00+01:00 {"task_id":"15","event":"sim"}
2025-10-31T08:27:02+01:00 {"task_id":"15","event":"download"}
2025-10-31T08:40:58+01:00 {"task_id":"24","event":"sim"}
2025-10-31T08:41:01+01:00 {"task_id":"24","event":"download"}
2025-11-01T08:06:34+01:00 []
2025-11-01T16:24:53+01:00 {"task_id":"16","event":"sim"}
2025-11-01T16:24:57+01:00 {"task_id":"16","event":"download"}
2025-11-01T18:11:33+01:00 {"task_id":"28","event":"sim"}
2025-11-01T18:11:34+01:00 {"task_id":"28","event":"download"}
2025-11-01T18:12:08+01:00 {"task_id":"31","event":"sim"}
2025-11-01T18:12:11+01:00 {"task_id":"31","event":"download"}
2025-11-01T18:13:14+01:00 {"task_id":"21","event":"sim"}
2025-11-01T18:13:18+01:00 {"task_id":"21","event":"download"}
2025-11-01T18:14:02+01:00 {"task_id":"21","event":"download"}
